<?xml version="1.0" encoding="UTF-8"?>
<!-- Generated by org.testng.reporters.JUnitXMLReporter -->
<testsuite hostname="Madhus-MBP.lan1" ignored="0" name="FirefoxTestResults" tests="1" failures="0" timestamp="2020-01-22T23:42:42 CST" time="0.012" errors="0">
  <testcase name="@BeforeClass beforeClass" time="0.002" classname="com.TestScenarios.SBI_LoginPage_Alert">
    <failure type="java.lang.IllegalStateException" message="The driver executable does not exist: /Users/madhubharti/Desktop/Selenium/Workspace/Maven_Project/drivers/chromedriver">
      <![CDATA[java.lang.IllegalStateException: The driver executable does not exist: /Users/madhubharti/Desktop/Selenium/Workspace/Maven_Project/drivers/chromedriver
at com.google.common.base.Preconditions.checkState(Preconditions.java:585)
at org.openqa.selenium.remote.service.DriverService.checkExecutable(DriverService.java:146)
at org.openqa.selenium.remote.service.DriverService.findExecutable(DriverService.java:141)
at org.openqa.selenium.chrome.ChromeDriverService.access$000(ChromeDriverService.java:35)
at org.openqa.selenium.chrome.ChromeDriverService$Builder.findDefaultExecutable(ChromeDriverService.java:159)
at org.openqa.selenium.remote.service.DriverService$Builder.build(DriverService.java:355)
at org.openqa.selenium.chrome.ChromeDriverService.createDefaultService(ChromeDriverService.java:94)
at org.openqa.selenium.chrome.ChromeDriver.<init>(ChromeDriver.java:123)
at com.Utilities.CommonFunctions.chromeBrowserLaunch(CommonFunctions.java:25)
at com.TestScenarios.SBI_LoginPage_Alert.beforeClass(SBI_LoginPage_Alert.java:60)
at java.util.ArrayList.forEach(ArrayList.java:1257)
... Removed 25 stack frames]]>
    </failure>
  </testcase> <!-- @BeforeClass beforeClass -->
  <testcase name="@AfterMethod takeScreensho" time="-1.579758162082E9" classname="com.TestScenarios.SBI_LoginPage_Alert">
    <skipped/>
  </testcase> <!-- @AfterMethod takeScreensho -->
  <testcase name="@AfterClass afterClass" time="-1.579758162084E9" classname="com.TestScenarios.SBI_LoginPage_Alert">
    <skipped/>
  </testcase> <!-- @AfterClass afterClass -->
  <testcase name="login" time="0.0" classname="com.TestScenarios.SBI_LoginPage_Alert">
    <skipped/>
  </testcase> <!-- login -->
</testsuite> <!-- FirefoxTestResults -->
